<?xml version="1.0" encoding="UTF-8"?>
<!-- Generated by org.testng.reporters.JUnitXMLReporter -->
<testsuite ignored="2" hostname="TF-D116" failures="0" tests="3" name="Parallel Test" time="5.453" errors="0" timestamp="2023-03-17T10:06:23 IST">
  <testcase classname="Base.BasePage" name="@BeforeTest beforeTest" time="-1.679027778398E9">
    <failure type="org.testng.TestNGException" message="
Can inject only one of &amp;lt;ITestContext, XmlTest&amp;gt; into a @BeforeTest annotated beforeTest.
For more information on native dependency injection please refer to https://testng.org/doc/documentation-main.html#native-dependency-injection">
      <![CDATA[org.testng.TestNGException: 
Can inject only one of <ITestContext, XmlTest> into a @BeforeTest annotated beforeTest.
For more information on native dependency injection please refer to https://testng.org/doc/documentation-main.html#native-dependency-injection
at com.intellij.rt.testng.IDEARemoteTestNG.run(IDEARemoteTestNG.java:66)
at com.intellij.rt.testng.RemoteTestNGStarter.main(RemoteTestNGStarter.java:109)
... Removed 18 stack frames]]>
    </failure>
  </testcase> <!-- @BeforeTest beforeTest -->
  <testcase classname="Base.BasePage" name="@BeforeMethod myTest" time="0.0">
    <skipped/>
  </testcase> <!-- @BeforeMethod myTest -->
  <testcase classname="Base.BasePage" name="@AfterMethod afterMethod" time="0.0">
    <skipped/>
  </testcase> <!-- @AfterMethod afterMethod -->
  <testcase classname="Base.BasePage" name="@BeforeMethod myTest" time="0.0">
    <skipped/>
  </testcase> <!-- @BeforeMethod myTest -->
  <testcase classname="Base.BasePage" name="@BeforeMethod myTest" time="0.0">
    <skipped/>
  </testcase> <!-- @BeforeMethod myTest -->
  <testcase classname="Base.BasePage" name="@AfterMethod afterMethod" time="0.0">
    <skipped/>
  </testcase> <!-- @AfterMethod afterMethod -->
  <testcase classname="Base.BasePage" name="@AfterMethod afterMethod" time="0.0">
    <skipped/>
  </testcase> <!-- @AfterMethod afterMethod -->
  <testcase classname="Base.BasePage" name="@AfterTest afterTest" time="-1.679027783847E9">
    <failure type="org.testng.TestNGException" message="
Can inject only one of &amp;lt;ITestContext, XmlTest&amp;gt; into a @AfterTest annotated afterTest.
For more information on native dependency injection please refer to https://testng.org/doc/documentation-main.html#native-dependency-injection">
      <![CDATA[org.testng.TestNGException: 
Can inject only one of <ITestContext, XmlTest> into a @AfterTest annotated afterTest.
For more information on native dependency injection please refer to https://testng.org/doc/documentation-main.html#native-dependency-injection
at com.intellij.rt.testng.IDEARemoteTestNG.run(IDEARemoteTestNG.java:66)
at com.intellij.rt.testng.RemoteTestNGStarter.main(RemoteTestNGStarter.java:109)
... Removed 18 stack frames]]>
    </failure>
  </testcase> <!-- @AfterTest afterTest -->
  <testcase classname="Tests.InValidLoginTest" name="InvalidLogin" time="0.0">
    <skipped/>
  </testcase> <!-- InvalidLogin -->
  <testcase classname="Tests.LoginTest" name="LoginTest" time="0.0">
    <skipped/>
  </testcase> <!-- LoginTest -->
  <testcase classname="Tests.LoginTest" name="MyInfoTest" time="0.0">
    <skipped/>
  </testcase> <!-- MyInfoTest -->
  <testcase classname="Base.BasePage" name="@BeforeTest beforeTest" time="0.0">
    <ignored/>
  </testcase> <!-- @BeforeTest beforeTest -->
  <testcase classname="Base.BasePage" name="@AfterTest afterTest" time="0.0">
    <ignored/>
  </testcase> <!-- @AfterTest afterTest -->
</testsuite> <!-- Parallel Test -->
